<?xml version="1.0" encoding="utf-8"?><testsuites><testsuite name="pytest" errors="0" failures="0" skipped="0" tests="4" time="1.994" timestamp="2025-02-10T23:18:53.775945" hostname="DESKTOP-LN2LP2U"><testcase classname="tests.api.test_api.TestBatchPipeline" name="test_should_failed_unkown_column_1" time="0.023" /><testcase classname="tests.api.test_api.TestBatchPipeline" name="test_should_failed_unkown_column_2" time="0.007" /><testcase classname="tests.api.test_api.TestBatchPipeline" name="test_should_failed_unkown_column_3" time="0.007" /><testcase classname="tests.api.test_api.TestBatchPipeline" name="test_should_get_predict" time="0.009" /></testsuite></testsuites>